<?xml version="1.0" encoding="UTF-8"?>
<testsuite xmlns:xsi="http://www.w3.org/2001/XMLSchema-instance" xsi:noNamespaceSchemaLocation="https://maven.apache.org/surefire/maven-surefire-plugin/xsd/surefire-test-report.xsd" name="com.hjx.dubbo.AppTest" time="0.093" tests="1" errors="0" skipped="0" failures="0">
  <properties>
    <property name="sun.desktop" value="windows"/>
    <property name="awt.toolkit" value="sun.awt.windows.WToolkit"/>
    <property name="file.encoding.pkg" value="sun.io"/>
    <property name="java.specification.version" value="1.8"/>
    <property name="sun.cpu.isalist" value="amd64"/>
    <property name="sun.jnu.encoding" value="GBK"/>
    <property name="java.class.path" value="C:\Users\GDZJ116\Desktop\hjx\my\mybatis\dubboserver\dubboserver\server-provider\target\test-classes;C:\Users\GDZJ116\Desktop\hjx\my\mybatis\dubboserver\dubboserver\server-provider\target\classes;C:\Users\GDZJ116\Desktop\hjx\my\mybatis\dubboserver\dubboserver\server-api\target\server-api-1.0-SNAPSHOT.jar;D:\repository\junit\junit\4.11\junit-4.11.jar;D:\repository\org\hamcrest\hamcrest-core\1.3\hamcrest-core-1.3.jar;D:\repository\com\alibaba\dubbo\2.5.3\dubbo-2.5.3.jar;D:\repository\org\springframework\spring\2.5.6.SEC03\spring-2.5.6.SEC03.jar;D:\repository\commons-logging\commons-logging\1.1.1\commons-logging-1.1.1.jar;D:\repository\org\javassist\javassist\3.15.0-GA\javassist-3.15.0-GA.jar;D:\repository\org\jboss\netty\netty\3.2.5.Final\netty-3.2.5.Final.jar;D:\repository\org\apache\zookeeper\zookeeper\3.4.12\zookeeper-3.4.12.jar;D:\repository\org\slf4j\slf4j-api\1.7.25\slf4j-api-1.7.25.jar;D:\repository\org\slf4j\slf4j-log4j12\1.7.25\slf4j-log4j12-1.7.25.jar;D:\repository\log4j\log4j\1.2.17\log4j-1.2.17.jar;D:\repository\jline\jline\0.9.94\jline-0.9.94.jar;D:\repository\org\apache\yetus\audience-annotations\0.5.0\audience-annotations-0.5.0.jar;D:\repository\io\netty\netty\3.10.6.Final\netty-3.10.6.Final.jar;D:\repository\com\101tec\zkclient\0.9\zkclient-0.9.jar;"/>
    <property name="java.vm.vendor" value="Oracle Corporation"/>
    <property name="sun.arch.data.model" value="64"/>
    <property name="user.variant" value=""/>
    <property name="java.vendor.url" value="http://java.oracle.com/"/>
    <property name="user.timezone" value="Asia/Singapore"/>
    <property name="java.vm.specification.version" value="1.8"/>
    <property name="os.name" value="Windows 10"/>
    <property name="user.country" value="CN"/>
    <property name="sun.java.launcher" value="SUN_STANDARD"/>
    <property name="sun.boot.library.path" value="C:\Program Files\Java\jdk1.8.0_131\jre\bin"/>
    <property name="sun.java.command" value="C:\Users\GDZJ116\AppData\Local\Temp\surefire7448281710497144722\surefirebooter6092978155955909523.jar C:\Users\GDZJ116\AppData\Local\Temp\surefire7448281710497144722 2019-08-08T11-18-43_087-jvmRun1 surefire3820532535030037173tmp surefire_0466905966028870563tmp"/>
    <property name="surefire.test.class.path" value="C:\Users\GDZJ116\Desktop\hjx\my\mybatis\dubboserver\dubboserver\server-provider\target\test-classes;C:\Users\GDZJ116\Desktop\hjx\my\mybatis\dubboserver\dubboserver\server-provider\target\classes;C:\Users\GDZJ116\Desktop\hjx\my\mybatis\dubboserver\dubboserver\server-api\target\server-api-1.0-SNAPSHOT.jar;D:\repository\junit\junit\4.11\junit-4.11.jar;D:\repository\org\hamcrest\hamcrest-core\1.3\hamcrest-core-1.3.jar;D:\repository\com\alibaba\dubbo\2.5.3\dubbo-2.5.3.jar;D:\repository\org\springframework\spring\2.5.6.SEC03\spring-2.5.6.SEC03.jar;D:\repository\commons-logging\commons-logging\1.1.1\commons-logging-1.1.1.jar;D:\repository\org\javassist\javassist\3.15.0-GA\javassist-3.15.0-GA.jar;D:\repository\org\jboss\netty\netty\3.2.5.Final\netty-3.2.5.Final.jar;D:\repository\org\apache\zookeeper\zookeeper\3.4.12\zookeeper-3.4.12.jar;D:\repository\org\slf4j\slf4j-api\1.7.25\slf4j-api-1.7.25.jar;D:\repository\org\slf4j\slf4j-log4j12\1.7.25\slf4j-log4j12-1.7.25.jar;D:\repository\log4j\log4j\1.2.17\log4j-1.2.17.jar;D:\repository\jline\jline\0.9.94\jline-0.9.94.jar;D:\repository\org\apache\yetus\audience-annotations\0.5.0\audience-annotations-0.5.0.jar;D:\repository\io\netty\netty\3.10.6.Final\netty-3.10.6.Final.jar;D:\repository\com\101tec\zkclient\0.9\zkclient-0.9.jar;"/>
    <property name="sun.cpu.endian" value="little"/>
    <property name="user.home" value="C:\Users\GDZJ116"/>
    <property name="user.language" value="zh"/>
    <property name="java.specification.vendor" value="Oracle Corporation"/>
    <property name="java.home" value="C:\Program Files\Java\jdk1.8.0_131\jre"/>
    <property name="basedir" value="C:\Users\GDZJ116\Desktop\hjx\my\mybatis\dubboserver\dubboserver\server-provider"/>
    <property name="file.separator" value="\"/>
    <property name="line.separator" value="&#10;"/>
    <property name="java.vm.specification.vendor" value="Oracle Corporation"/>
    <property name="java.specification.name" value="Java Platform API Specification"/>
    <property name="java.awt.graphicsenv" value="sun.awt.Win32GraphicsEnvironment"/>
    <property name="surefire.real.class.path" value="C:\Users\GDZJ116\AppData\Local\Temp\surefire7448281710497144722\surefirebooter6092978155955909523.jar"/>
    <property name="sun.boot.class.path" value="C:\Program Files\Java\jdk1.8.0_131\jre\lib\resources.jar;C:\Program Files\Java\jdk1.8.0_131\jre\lib\rt.jar;C:\Program Files\Java\jdk1.8.0_131\jre\lib\sunrsasign.jar;C:\Program Files\Java\jdk1.8.0_131\jre\lib\jsse.jar;C:\Program Files\Java\jdk1.8.0_131\jre\lib\jce.jar;C:\Program Files\Java\jdk1.8.0_131\jre\lib\charsets.jar;C:\Program Files\Java\jdk1.8.0_131\jre\lib\jfr.jar;C:\Program Files\Java\jdk1.8.0_131\jre\classes"/>
    <property name="user.script" value=""/>
    <property name="sun.management.compiler" value="HotSpot 64-Bit Tiered Compilers"/>
    <property name="java.runtime.version" value="1.8.0_131-b11"/>
    <property name="user.name" value="GDZJ116"/>
    <property name="path.separator" value=";"/>
    <property name="os.version" value="10.0"/>
    <property name="java.endorsed.dirs" value="C:\Program Files\Java\jdk1.8.0_131\jre\lib\endorsed"/>
    <property name="java.runtime.name" value="Java(TM) SE Runtime Environment"/>
    <property name="file.encoding" value="GBK"/>
    <property name="java.vm.name" value="Java HotSpot(TM) 64-Bit Server VM"/>
    <property name="localRepository" value="D:\repository"/>
    <property name="java.vendor.url.bug" value="http://bugreport.sun.com/bugreport/"/>
    <property name="java.io.tmpdir" value="C:\Users\GDZJ116\AppData\Local\Temp\"/>
    <property name="idea.version" value="2018.3.6"/>
    <property name="java.version" value="1.8.0_131"/>
    <property name="user.dir" value="C:\Users\GDZJ116\Desktop\hjx\my\mybatis\dubboserver\dubboserver\server-provider"/>
    <property name="os.arch" value="amd64"/>
    <property name="java.vm.specification.name" value="Java Virtual Machine Specification"/>
    <property name="java.awt.printerjob" value="sun.awt.windows.WPrinterJob"/>
    <property name="sun.os.patch.level" value=""/>
    <property name="java.library.path" value="C:\Program Files\Java\jdk1.8.0_131\jre\bin;C:\WINDOWS\Sun\Java\bin;C:\WINDOWS\system32;C:\WINDOWS;C:\Program Files (x86)\Common Files\Oracle\Java\javapath;C:\Program Files\VanDyke Software\Clients\;D:\xshell\;C:\ProgramData\Oracle\Java\javapath;C:\Windows\system32;C:\Windows;C:\Windows\System32\Wbem;C:\Windows\System32\WindowsPowerShell\v1.0\;C:\Program Files (x86)\NVIDIA Corporation\PhysX\Common;C:\Program Files (x86)\Microsoft SQL Server\100\Tools\Binn\;C:\Program Files\Microsoft SQL Server\100\Tools\Binn\;C:\Program Files\Microsoft SQL Server\100\DTS\Binn\;C:\Program Files (x86)\Microsoft SQL Server\100\Tools\Binn\VSShell\Common7\IDE\;C:\Program Files (x86)\Microsoft SQL Server\100\DTS\Binn\;C:\Program Files (x86)\Microsoft Visual Studio 9.0\Common7\IDE\PrivateAssemblies\;C:\Program Files\Microsoft SQL Server\110\Tools\Binn\;C:\Program Files (x86)\Microsoft ASP.NET\ASP.NET Web Pages\v1.0\;C:\Program Files\Microsoft SQL Server\130\Tools\Binn\;C:\Program Files (x86)\Windows Kits\10\Windows Performance Toolkit\;D:\SVNServer\bin;C:\Program Files\TortoiseSVN\bin;C:\Program Files\nodejs\;D:\mongodb\bin\;C:\Program Files (x86)\Microsoft SDKs\TypeScript\1.0\;C:\Program Files\Microsoft SQL Server\120\Tools\Binn\;C:\Program Files\dotnet\;C:\Program Files\Java\jdk1.8.0_131\bin;C:\Program Files\Java\jdk1.8.0_131\jre\bin;D:\apache-maven-3.6.0\bin;D:\Program Files\Git\cmd;C:\Program Files\MySQL\MySQL Utilities 1.6\;C:\WINDOWS\system32;C:\WINDOWS;C:\WINDOWS\System32\Wbem;C:\WINDOWS\System32\WindowsPowerShell\v1.0\;C:\WINDOWS\System32\OpenSSH\;E:\hjx\hadoop-2.7.2\bin;E:\hjx\hadoop-2.7.2\sbin;E:\hjx\hadoop-2.7.2\winutils.exe;C:\Users\GDZJ116\AppData\Local\Programs\Python\Python36\Scripts\;C:\Users\GDZJ116\AppData\Local\Programs\Python\Python36\;C:\Users\GDZJ116\AppData\Local\Microsoft\WindowsApps;C:\Users\GDZJ116\AppData\Roaming\npm;C:\Users\GDZJ116\AppData\Local\Programs\Microsoft VS Code\bin;E:\hjx\idea\IntelliJ IDEA Community Edition 2018.3.5\bin;;;."/>
    <property name="java.vm.info" value="mixed mode"/>
    <property name="java.vendor" value="Oracle Corporation"/>
    <property name="java.vm.version" value="25.131-b11"/>
    <property name="java.ext.dirs" value="C:\Program Files\Java\jdk1.8.0_131\jre\lib\ext;C:\WINDOWS\Sun\Java\lib\ext"/>
    <property name="sun.io.unicode.encoding" value="UnicodeLittle"/>
    <property name="maven.repo.local" value="D:\repository"/>
    <property name="java.class.version" value="52.0"/>
  </properties>
  <testcase name="shouldAnswerWithTrue" classname="com.hjx.dubbo.AppTest" time="0.001"/>
</testsuite>